Building DAG of jobs...
Using shell: /usr/bin/bash
Provided cores: 1
Rules claiming more threads will be scaled down.
Job counts:
	count	jobs
	1	t2e_diffbind
	1

[Fri Oct 23 16:41:59 2020]
rule t2e_diffbind:
    input: t2e-diffbind.R, config.tsv
    output: dba_all.rds, Acetylation/T2E/dba_comp.rds, Acetylation/T2E/t2e.all.tsv, Acetylation/T2E/t2e.local.tsv
    jobid: 0

Rscript t2e-diffbind.R
Loading packages
   SampleID Include  Source    Label Sample_Colour T2E_Status
1: PCa13848     Yes Primary CPCG0366       #11A579        Yes
2: PCa19121     Yes Primary CPCG0258       #F2B701        Yes
3:  PCa3023     Yes Primary CPCG0324       #E73F74        Yes
4: PCa33173     Yes Primary CPCG0246       #80BA5A         No
5: PCa40507     Yes Primary CPCG0342       #E68310        Yes
6: PCa53687     Yes Primary CPCG0339       #CF1C90         No
7: PCa56413     Yes Primary CPCG0331       #F97B72        Yes
8: PCa57294     Yes Primary CPCG0365       #4B4B8F         No
9: PCa58215     Yes Primary CPCG0345       #A5AA99         No
                                                                                      bamReads
1: ../../Data/Processed/2019-05-03_PCa-H3K27ac-peaks/Aligned/Pca13848_H3K27ac.sorted.dedup.bam
2: ../../Data/Processed/2019-05-03_PCa-H3K27ac-peaks/Aligned/Pca19121_H3K27ac.sorted.dedup.bam
3:  ../../Data/Processed/2019-05-03_PCa-H3K27ac-peaks/Aligned/Pca3023_H3K27ac.sorted.dedup.bam
4: ../../Data/Processed/2019-05-03_PCa-H3K27ac-peaks/Aligned/Pca33173_H3K27ac.sorted.dedup.bam
5: ../../Data/Processed/2019-05-03_PCa-H3K27ac-peaks/Aligned/Pca40507_H3K27ac.sorted.dedup.bam
6: ../../Data/Processed/2019-05-03_PCa-H3K27ac-peaks/Aligned/Pca53687_H3K27ac.sorted.dedup.bam
7: ../../Data/Processed/2019-05-03_PCa-H3K27ac-peaks/Aligned/Pca56413_H3K27ac.sorted.dedup.bam
8: ../../Data/Processed/2019-05-03_PCa-H3K27ac-peaks/Aligned/Pca57294_H3K27ac.sorted.dedup.bam
9: ../../Data/Processed/2019-05-03_PCa-H3K27ac-peaks/Aligned/Pca58215_H3K27ac.sorted.dedup.bam
                                                                                  bamControl
1: ../../Data/Processed/2019-05-03_PCa-H3K27ac-peaks/Aligned/Pca13848_input.sorted.dedup.bam
2: ../../Data/Processed/2019-05-03_PCa-H3K27ac-peaks/Aligned/Pca19121_input.sorted.dedup.bam
3:  ../../Data/Processed/2019-05-03_PCa-H3K27ac-peaks/Aligned/Pca3023_input.sorted.dedup.bam
4: ../../Data/Processed/2019-05-03_PCa-H3K27ac-peaks/Aligned/Pca33173_input.sorted.dedup.bam
5: ../../Data/Processed/2019-05-03_PCa-H3K27ac-peaks/Aligned/Pca40507_input.sorted.dedup.bam
6: ../../Data/Processed/2019-05-03_PCa-H3K27ac-peaks/Aligned/Pca53687_input.sorted.dedup.bam
7: ../../Data/Processed/2019-05-03_PCa-H3K27ac-peaks/Aligned/Pca56413_input.sorted.dedup.bam
8: ../../Data/Processed/2019-05-03_PCa-H3K27ac-peaks/Aligned/Pca57294_input.sorted.dedup.bam
9: ../../Data/Processed/2019-05-03_PCa-H3K27ac-peaks/Aligned/Pca58215_input.sorted.dedup.bam
                                                                                                      Peaks
1: ../../Data/Processed/2019-05-03_PCa-H3K27ac-peaks/Peaks/Pca13848_peaks.filtered.sorted.merged.narrowPeak
2: ../../Data/Processed/2019-05-03_PCa-H3K27ac-peaks/Peaks/Pca19121_peaks.filtered.sorted.merged.narrowPeak
3:  ../../Data/Processed/2019-05-03_PCa-H3K27ac-peaks/Peaks/Pca3023_peaks.filtered.sorted.merged.narrowPeak
4: ../../Data/Processed/2019-05-03_PCa-H3K27ac-peaks/Peaks/Pca33173_peaks.filtered.sorted.merged.narrowPeak
5: ../../Data/Processed/2019-05-03_PCa-H3K27ac-peaks/Peaks/Pca40507_peaks.filtered.sorted.merged.narrowPeak
6: ../../Data/Processed/2019-05-03_PCa-H3K27ac-peaks/Peaks/Pca53687_peaks.filtered.sorted.merged.narrowPeak
7: ../../Data/Processed/2019-05-03_PCa-H3K27ac-peaks/Peaks/Pca56413_peaks.filtered.sorted.merged.narrowPeak
8: ../../Data/Processed/2019-05-03_PCa-H3K27ac-peaks/Peaks/Pca57294_peaks.filtered.sorted.merged.narrowPeak
9: ../../Data/Processed/2019-05-03_PCa-H3K27ac-peaks/Peaks/Pca58215_peaks.filtered.sorted.merged.narrowPeak
   PeakCaller
1:     narrow
2:     narrow
3:     narrow
4:     narrow
5:     narrow
6:     narrow
7:     narrow
8:     narrow
9:     narrow
Loading metadata
PCa13848     NA narrow
PCa19121     NA narrow
PCa3023     NA narrow
PCa33173     NA narrow
PCa40507     NA narrow
PCa53687     NA narrow
PCa56413     NA narrow
PCa57294     NA narrow
PCa58215     NA narrow
Quantifying reads
Re-centering peaks...
Differential analysis
converting counts to integer mode
gene-wise dispersion estimates
mean-dispersion relationship
final dispersion estimates
Saving data
[Fri Oct 23 17:24:50 2020]
Finished job 0.
1 of 1 steps (100%) done
