  ______    _____                        _____                          _
 |  ____|  / ____|     /\               / ____|                        | |
 | |__    | |  __     /  \     ______  | |       _ __   _   _   _ __   | |_    ___    _ __
 |  __|   | | |_ |   / /\ \   |______| | |      | '__| | | | | | '_ \  | __|  / _ \  | '__|
 | |____  | |__| |  / ____ \           | |____  | |    | |_| | | |_) | | |_  | (_) | | |
 |______|  \_____| /_/    \_\           \_____| |_|     \__, | | .__/   \__|  \___/  |_|
                                                         __/ | | |
                                                        |___/  |_|
2021-01-28 15:10:47.883  INFO 20676 --- [           main] u.a.e.e.e.EgaCryptorApplication          : Starting EgaCryptorApplication v2.0.0 on mordor130 with PID 20676 (/mnt/work1/users/lupiengroup/People/hawleyj/ega-cryptor-2.0.0.jar started by hawleyj in /mnt/work1/users/lupiengroup/People/hawleyj/Davos/Data/Raw/190605_A00827_0009_BHLGJ3DSXX_HiC)
2021-01-28 15:10:47.888  INFO 20676 --- [           main] u.a.e.e.e.EgaCryptorApplication          : No active profile set, falling back to default profiles: default
2021-01-28 15:10:50.239  INFO 20676 --- [           main] u.a.e.e.e.EgaCryptorApplication          : Started EgaCryptorApplication in 4.048 seconds (JVM running for 5.921)
2021-01-28 15:10:50.388  INFO 20676 --- [           main] u.a.e.e.e.r.CommandLineOptionProcessor   : Application has detected 1 no. of cores/processors. Threads will be created based on option provided
2021-01-28 15:10:50.390  INFO 20676 --- [           main] u.a.e.e.e.r.CommandLineOptionProcessor   : Single processor has been detected. File(s) will be processed sequentially. Any provided option will be ignored
2021-01-28 15:10:50.390  INFO 20676 --- [           main] u.a.e.e.e.r.CommandLineOptionProcessor   : Maximum 1 no. of threads will be created to process the file(s)
2021-01-28 15:10:50.391  INFO 20676 --- [           main] u.a.e.e.e.c.pgp.PGPCryptography          : Process started at Thu Jan 28 15:10:50 EST 2021 ---------------
2021-01-28 15:10:55.358  INFO 20676 --- [           main] u.a.e.e.e.p.DefaultCryptographyPipeline  : File /mnt/work1/users/lupiengroup/People/hawleyj/Davos/Data/Raw/190605_A00827_0009_BHLGJ3DSXX_HiC/FASTQs/PCa58215_R2.fastq.gz is being processed
2021-01-28 16:13:59.246  INFO 20676 --- [           main] u.a.e.e.e.p.DefaultCryptographyPipeline  : File /mnt/work1/users/lupiengroup/People/hawleyj/Davos/Data/Raw/190605_A00827_0009_BHLGJ3DSXX_HiC/FASTQs/PCa58215_R2.fastq.gz is successfully encrypted. Total bytes read 54998583244. These files have been generated /mnt/work1/users/lupiengroup/People/hawleyj/Davos/Data/Raw/190605_A00827_0009_BHLGJ3DSXX_HiC/FASTQs/encrypted/PCa58215_R2.fastq.gz.md5,/mnt/work1/users/lupiengroup/People/hawleyj/Davos/Data/Raw/190605_A00827_0009_BHLGJ3DSXX_HiC/FASTQs/encrypted/PCa58215_R2.fastq.gz.gpg,/mnt/work1/users/lupiengroup/People/hawleyj/Davos/Data/Raw/190605_A00827_0009_BHLGJ3DSXX_HiC/FASTQs/encrypted/PCa58215_R2.fastq.gz.gpg.md5
2021-01-28 16:13:59.259  INFO 20676 --- [           main] u.a.e.e.e.p.DefaultCryptographyPipeline  : File /mnt/work1/users/lupiengroup/People/hawleyj/Davos/Data/Raw/190605_A00827_0009_BHLGJ3DSXX_HiC/FASTQs/PCa3023_R2.fastq.gz is being processed
2021-01-28 17:12:40.125  INFO 20676 --- [           main] u.a.e.e.e.p.DefaultCryptographyPipeline  : File /mnt/work1/users/lupiengroup/People/hawleyj/Davos/Data/Raw/190605_A00827_0009_BHLGJ3DSXX_HiC/FASTQs/PCa3023_R2.fastq.gz is successfully encrypted. Total bytes read 50991401468. These files have been generated /mnt/work1/users/lupiengroup/People/hawleyj/Davos/Data/Raw/190605_A00827_0009_BHLGJ3DSXX_HiC/FASTQs/encrypted/PCa3023_R2.fastq.gz.md5,/mnt/work1/users/lupiengroup/People/hawleyj/Davos/Data/Raw/190605_A00827_0009_BHLGJ3DSXX_HiC/FASTQs/encrypted/PCa3023_R2.fastq.gz.gpg,/mnt/work1/users/lupiengroup/People/hawleyj/Davos/Data/Raw/190605_A00827_0009_BHLGJ3DSXX_HiC/FASTQs/encrypted/PCa3023_R2.fastq.gz.gpg.md5
2021-01-28 17:12:40.183  INFO 20676 --- [           main] u.a.e.e.e.p.DefaultCryptographyPipeline  : File /mnt/work1/users/lupiengroup/People/hawleyj/Davos/Data/Raw/190605_A00827_0009_BHLGJ3DSXX_HiC/FASTQs/PCa3023_R1.fastq.gz is being processed
2021-01-28 18:09:12.202  INFO 20676 --- [           main] u.a.e.e.e.p.DefaultCryptographyPipeline  : File /mnt/work1/users/lupiengroup/People/hawleyj/Davos/Data/Raw/190605_A00827_0009_BHLGJ3DSXX_HiC/FASTQs/PCa3023_R1.fastq.gz is successfully encrypted. Total bytes read 49400725997. These files have been generated /mnt/work1/users/lupiengroup/People/hawleyj/Davos/Data/Raw/190605_A00827_0009_BHLGJ3DSXX_HiC/FASTQs/encrypted/PCa3023_R1.fastq.gz.md5,/mnt/work1/users/lupiengroup/People/hawleyj/Davos/Data/Raw/190605_A00827_0009_BHLGJ3DSXX_HiC/FASTQs/encrypted/PCa3023_R1.fastq.gz.gpg,/mnt/work1/users/lupiengroup/People/hawleyj/Davos/Data/Raw/190605_A00827_0009_BHLGJ3DSXX_HiC/FASTQs/encrypted/PCa3023_R1.fastq.gz.gpg.md5
2021-01-28 18:09:12.272  INFO 20676 --- [           main] u.a.e.e.e.p.DefaultCryptographyPipeline  : File /mnt/work1/users/lupiengroup/People/hawleyj/Davos/Data/Raw/190605_A00827_0009_BHLGJ3DSXX_HiC/FASTQs/PCa57054_R1.fastq.gz is being processed
2021-01-28 19:44:35.712  INFO 20676 --- [           main] u.a.e.e.e.p.DefaultCryptographyPipeline  : File /mnt/work1/users/lupiengroup/People/hawleyj/Davos/Data/Raw/190605_A00827_0009_BHLGJ3DSXX_HiC/FASTQs/PCa57054_R1.fastq.gz is successfully encrypted. Total bytes read 82959486584. These files have been generated /mnt/work1/users/lupiengroup/People/hawleyj/Davos/Data/Raw/190605_A00827_0009_BHLGJ3DSXX_HiC/FASTQs/encrypted/PCa57054_R1.fastq.gz.md5,/mnt/work1/users/lupiengroup/People/hawleyj/Davos/Data/Raw/190605_A00827_0009_BHLGJ3DSXX_HiC/FASTQs/encrypted/PCa57054_R1.fastq.gz.gpg,/mnt/work1/users/lupiengroup/People/hawleyj/Davos/Data/Raw/190605_A00827_0009_BHLGJ3DSXX_HiC/FASTQs/encrypted/PCa57054_R1.fastq.gz.gpg.md5
2021-01-28 19:44:35.794  INFO 20676 --- [           main] u.a.e.e.e.p.DefaultCryptographyPipeline  : File /mnt/work1/users/lupiengroup/People/hawleyj/Davos/Data/Raw/190605_A00827_0009_BHLGJ3DSXX_HiC/FASTQs/PCa40507_R2.fastq.gz is being processed
2021-01-28 20:58:38.769  INFO 20676 --- [           main] u.a.e.e.e.p.DefaultCryptographyPipeline  : File /mnt/work1/users/lupiengroup/People/hawleyj/Davos/Data/Raw/190605_A00827_0009_BHLGJ3DSXX_HiC/FASTQs/PCa40507_R2.fastq.gz is successfully encrypted. Total bytes read 64495936611. These files have been generated /mnt/work1/users/lupiengroup/People/hawleyj/Davos/Data/Raw/190605_A00827_0009_BHLGJ3DSXX_HiC/FASTQs/encrypted/PCa40507_R2.fastq.gz.md5,/mnt/work1/users/lupiengroup/People/hawleyj/Davos/Data/Raw/190605_A00827_0009_BHLGJ3DSXX_HiC/FASTQs/encrypted/PCa40507_R2.fastq.gz.gpg,/mnt/work1/users/lupiengroup/People/hawleyj/Davos/Data/Raw/190605_A00827_0009_BHLGJ3DSXX_HiC/FASTQs/encrypted/PCa40507_R2.fastq.gz.gpg.md5
2021-01-28 20:58:38.807  INFO 20676 --- [           main] u.a.e.e.e.p.DefaultCryptographyPipeline  : File /mnt/work1/users/lupiengroup/People/hawleyj/Davos/Data/Raw/190605_A00827_0009_BHLGJ3DSXX_HiC/FASTQs/PCa13848_R2.fastq.gz is being processed
2021-01-28 21:49:46.334  INFO 20676 --- [           main] u.a.e.e.e.p.DefaultCryptographyPipeline  : File /mnt/work1/users/lupiengroup/People/hawleyj/Davos/Data/Raw/190605_A00827_0009_BHLGJ3DSXX_HiC/FASTQs/PCa13848_R2.fastq.gz is successfully encrypted. Total bytes read 44547767120. These files have been generated /mnt/work1/users/lupiengroup/People/hawleyj/Davos/Data/Raw/190605_A00827_0009_BHLGJ3DSXX_HiC/FASTQs/encrypted/PCa13848_R2.fastq.gz.md5,/mnt/work1/users/lupiengroup/People/hawleyj/Davos/Data/Raw/190605_A00827_0009_BHLGJ3DSXX_HiC/FASTQs/encrypted/PCa13848_R2.fastq.gz.gpg,/mnt/work1/users/lupiengroup/People/hawleyj/Davos/Data/Raw/190605_A00827_0009_BHLGJ3DSXX_HiC/FASTQs/encrypted/PCa13848_R2.fastq.gz.gpg.md5
2021-01-28 21:49:46.417  INFO 20676 --- [           main] u.a.e.e.e.p.DefaultCryptographyPipeline  : File /mnt/work1/users/lupiengroup/People/hawleyj/Davos/Data/Raw/190605_A00827_0009_BHLGJ3DSXX_HiC/FASTQs/PCa40507_R1.fastq.gz is being processed
2021-01-28 23:01:48.882  INFO 20676 --- [           main] u.a.e.e.e.p.DefaultCryptographyPipeline  : File /mnt/work1/users/lupiengroup/People/hawleyj/Davos/Data/Raw/190605_A00827_0009_BHLGJ3DSXX_HiC/FASTQs/PCa40507_R1.fastq.gz is successfully encrypted. Total bytes read 62734349199. These files have been generated /mnt/work1/users/lupiengroup/People/hawleyj/Davos/Data/Raw/190605_A00827_0009_BHLGJ3DSXX_HiC/FASTQs/encrypted/PCa40507_R1.fastq.gz.md5,/mnt/work1/users/lupiengroup/People/hawleyj/Davos/Data/Raw/190605_A00827_0009_BHLGJ3DSXX_HiC/FASTQs/encrypted/PCa40507_R1.fastq.gz.gpg,/mnt/work1/users/lupiengroup/People/hawleyj/Davos/Data/Raw/190605_A00827_0009_BHLGJ3DSXX_HiC/FASTQs/encrypted/PCa40507_R1.fastq.gz.gpg.md5
2021-01-28 23:01:48.962  INFO 20676 --- [           main] u.a.e.e.e.p.DefaultCryptographyPipeline  : File /mnt/work1/users/lupiengroup/People/hawleyj/Davos/Data/Raw/190605_A00827_0009_BHLGJ3DSXX_HiC/FASTQs/PCa19121_R1.fastq.gz is being processed
2021-01-28 23:58:32.703  INFO 20676 --- [           main] u.a.e.e.e.p.DefaultCryptographyPipeline  : File /mnt/work1/users/lupiengroup/People/hawleyj/Davos/Data/Raw/190605_A00827_0009_BHLGJ3DSXX_HiC/FASTQs/PCa19121_R1.fastq.gz is successfully encrypted. Total bytes read 49312161511. These files have been generated /mnt/work1/users/lupiengroup/People/hawleyj/Davos/Data/Raw/190605_A00827_0009_BHLGJ3DSXX_HiC/FASTQs/encrypted/PCa19121_R1.fastq.gz.md5,/mnt/work1/users/lupiengroup/People/hawleyj/Davos/Data/Raw/190605_A00827_0009_BHLGJ3DSXX_HiC/FASTQs/encrypted/PCa19121_R1.fastq.gz.gpg,/mnt/work1/users/lupiengroup/People/hawleyj/Davos/Data/Raw/190605_A00827_0009_BHLGJ3DSXX_HiC/FASTQs/encrypted/PCa19121_R1.fastq.gz.gpg.md5
2021-01-28 23:58:32.802  INFO 20676 --- [           main] u.a.e.e.e.p.DefaultCryptographyPipeline  : File /mnt/work1/users/lupiengroup/People/hawleyj/Davos/Data/Raw/190605_A00827_0009_BHLGJ3DSXX_HiC/FASTQs/PCa33173_R1.fastq.gz is being processed
2021-01-29 01:16:45.716  INFO 20676 --- [           main] u.a.e.e.e.p.DefaultCryptographyPipeline  : File /mnt/work1/users/lupiengroup/People/hawleyj/Davos/Data/Raw/190605_A00827_0009_BHLGJ3DSXX_HiC/FASTQs/PCa33173_R1.fastq.gz is successfully encrypted. Total bytes read 68006661538. These files have been generated /mnt/work1/users/lupiengroup/People/hawleyj/Davos/Data/Raw/190605_A00827_0009_BHLGJ3DSXX_HiC/FASTQs/encrypted/PCa33173_R1.fastq.gz.md5,/mnt/work1/users/lupiengroup/People/hawleyj/Davos/Data/Raw/190605_A00827_0009_BHLGJ3DSXX_HiC/FASTQs/encrypted/PCa33173_R1.fastq.gz.gpg,/mnt/work1/users/lupiengroup/People/hawleyj/Davos/Data/Raw/190605_A00827_0009_BHLGJ3DSXX_HiC/FASTQs/encrypted/PCa33173_R1.fastq.gz.gpg.md5
2021-01-29 01:16:45.833  INFO 20676 --- [           main] u.a.e.e.e.p.DefaultCryptographyPipeline  : File /mnt/work1/users/lupiengroup/People/hawleyj/Davos/Data/Raw/190605_A00827_0009_BHLGJ3DSXX_HiC/FASTQs/PCa57054_R2.fastq.gz is being processed
2021-01-29 02:55:42.033  INFO 20676 --- [           main] u.a.e.e.e.p.DefaultCryptographyPipeline  : File /mnt/work1/users/lupiengroup/People/hawleyj/Davos/Data/Raw/190605_A00827_0009_BHLGJ3DSXX_HiC/FASTQs/PCa57054_R2.fastq.gz is successfully encrypted. Total bytes read 85343660378. These files have been generated /mnt/work1/users/lupiengroup/People/hawleyj/Davos/Data/Raw/190605_A00827_0009_BHLGJ3DSXX_HiC/FASTQs/encrypted/PCa57054_R2.fastq.gz.md5,/mnt/work1/users/lupiengroup/People/hawleyj/Davos/Data/Raw/190605_A00827_0009_BHLGJ3DSXX_HiC/FASTQs/encrypted/PCa57054_R2.fastq.gz.gpg,/mnt/work1/users/lupiengroup/People/hawleyj/Davos/Data/Raw/190605_A00827_0009_BHLGJ3DSXX_HiC/FASTQs/encrypted/PCa57054_R2.fastq.gz.gpg.md5
2021-01-29 02:55:42.100  INFO 20676 --- [           main] u.a.e.e.e.p.DefaultCryptographyPipeline  : File /mnt/work1/users/lupiengroup/People/hawleyj/Davos/Data/Raw/190605_A00827_0009_BHLGJ3DSXX_HiC/FASTQs/PCa58215_R1.fastq.gz is being processed
2021-01-29 03:58:20.124  INFO 20676 --- [           main] u.a.e.e.e.p.DefaultCryptographyPipeline  : File /mnt/work1/users/lupiengroup/People/hawleyj/Davos/Data/Raw/190605_A00827_0009_BHLGJ3DSXX_HiC/FASTQs/PCa58215_R1.fastq.gz is successfully encrypted. Total bytes read 53389530181. These files have been generated /mnt/work1/users/lupiengroup/People/hawleyj/Davos/Data/Raw/190605_A00827_0009_BHLGJ3DSXX_HiC/FASTQs/encrypted/PCa58215_R1.fastq.gz.md5,/mnt/work1/users/lupiengroup/People/hawleyj/Davos/Data/Raw/190605_A00827_0009_BHLGJ3DSXX_HiC/FASTQs/encrypted/PCa58215_R1.fastq.gz.gpg,/mnt/work1/users/lupiengroup/People/hawleyj/Davos/Data/Raw/190605_A00827_0009_BHLGJ3DSXX_HiC/FASTQs/encrypted/PCa58215_R1.fastq.gz.gpg.md5
2021-01-29 03:58:20.137  INFO 20676 --- [           main] u.a.e.e.e.p.DefaultCryptographyPipeline  : File /mnt/work1/users/lupiengroup/People/hawleyj/Davos/Data/Raw/190605_A00827_0009_BHLGJ3DSXX_HiC/FASTQs/PCa13848_R1.fastq.gz is being processed
2021-01-29 04:48:35.949  INFO 20676 --- [           main] u.a.e.e.e.p.DefaultCryptographyPipeline  : File /mnt/work1/users/lupiengroup/People/hawleyj/Davos/Data/Raw/190605_A00827_0009_BHLGJ3DSXX_HiC/FASTQs/PCa13848_R1.fastq.gz is successfully encrypted. Total bytes read 43058061699. These files have been generated /mnt/work1/users/lupiengroup/People/hawleyj/Davos/Data/Raw/190605_A00827_0009_BHLGJ3DSXX_HiC/FASTQs/encrypted/PCa13848_R1.fastq.gz.md5,/mnt/work1/users/lupiengroup/People/hawleyj/Davos/Data/Raw/190605_A00827_0009_BHLGJ3DSXX_HiC/FASTQs/encrypted/PCa13848_R1.fastq.gz.gpg,/mnt/work1/users/lupiengroup/People/hawleyj/Davos/Data/Raw/190605_A00827_0009_BHLGJ3DSXX_HiC/FASTQs/encrypted/PCa13848_R1.fastq.gz.gpg.md5
2021-01-29 04:48:35.987  INFO 20676 --- [           main] u.a.e.e.e.p.DefaultCryptographyPipeline  : File /mnt/work1/users/lupiengroup/People/hawleyj/Davos/Data/Raw/190605_A00827_0009_BHLGJ3DSXX_HiC/FASTQs/PCa53687_R2.fastq.gz is being processed
2021-01-29 05:57:43.883  INFO 20676 --- [           main] u.a.e.e.e.p.DefaultCryptographyPipeline  : File /mnt/work1/users/lupiengroup/People/hawleyj/Davos/Data/Raw/190605_A00827_0009_BHLGJ3DSXX_HiC/FASTQs/PCa53687_R2.fastq.gz is successfully encrypted. Total bytes read 58071958497. These files have been generated /mnt/work1/users/lupiengroup/People/hawleyj/Davos/Data/Raw/190605_A00827_0009_BHLGJ3DSXX_HiC/FASTQs/encrypted/PCa53687_R2.fastq.gz.md5,/mnt/work1/users/lupiengroup/People/hawleyj/Davos/Data/Raw/190605_A00827_0009_BHLGJ3DSXX_HiC/FASTQs/encrypted/PCa53687_R2.fastq.gz.gpg,/mnt/work1/users/lupiengroup/People/hawleyj/Davos/Data/Raw/190605_A00827_0009_BHLGJ3DSXX_HiC/FASTQs/encrypted/PCa53687_R2.fastq.gz.gpg.md5
2021-01-29 05:57:43.958  INFO 20676 --- [           main] u.a.e.e.e.p.DefaultCryptographyPipeline  : File /mnt/work1/users/lupiengroup/People/hawleyj/Davos/Data/Raw/190605_A00827_0009_BHLGJ3DSXX_HiC/FASTQs/PCa56413_R2.fastq.gz is being processed
2021-01-29 07:03:33.281  INFO 20676 --- [           main] u.a.e.e.e.p.DefaultCryptographyPipeline  : File /mnt/work1/users/lupiengroup/People/hawleyj/Davos/Data/Raw/190605_A00827_0009_BHLGJ3DSXX_HiC/FASTQs/PCa56413_R2.fastq.gz is successfully encrypted. Total bytes read 56233253085. These files have been generated /mnt/work1/users/lupiengroup/People/hawleyj/Davos/Data/Raw/190605_A00827_0009_BHLGJ3DSXX_HiC/FASTQs/encrypted/PCa56413_R2.fastq.gz.md5,/mnt/work1/users/lupiengroup/People/hawleyj/Davos/Data/Raw/190605_A00827_0009_BHLGJ3DSXX_HiC/FASTQs/encrypted/PCa56413_R2.fastq.gz.gpg,/mnt/work1/users/lupiengroup/People/hawleyj/Davos/Data/Raw/190605_A00827_0009_BHLGJ3DSXX_HiC/FASTQs/encrypted/PCa56413_R2.fastq.gz.gpg.md5
2021-01-29 07:03:33.433  INFO 20676 --- [           main] u.a.e.e.e.p.DefaultCryptographyPipeline  : File /mnt/work1/users/lupiengroup/People/hawleyj/Davos/Data/Raw/190605_A00827_0009_BHLGJ3DSXX_HiC/FASTQs/PCa14121_R1.fastq.gz is being processed
2021-01-29 08:23:01.996  INFO 20676 --- [           main] u.a.e.e.e.p.DefaultCryptographyPipeline  : File /mnt/work1/users/lupiengroup/People/hawleyj/Davos/Data/Raw/190605_A00827_0009_BHLGJ3DSXX_HiC/FASTQs/PCa14121_R1.fastq.gz is successfully encrypted. Total bytes read 67904279096. These files have been generated /mnt/work1/users/lupiengroup/People/hawleyj/Davos/Data/Raw/190605_A00827_0009_BHLGJ3DSXX_HiC/FASTQs/encrypted/PCa14121_R1.fastq.gz.md5,/mnt/work1/users/lupiengroup/People/hawleyj/Davos/Data/Raw/190605_A00827_0009_BHLGJ3DSXX_HiC/FASTQs/encrypted/PCa14121_R1.fastq.gz.gpg,/mnt/work1/users/lupiengroup/People/hawleyj/Davos/Data/Raw/190605_A00827_0009_BHLGJ3DSXX_HiC/FASTQs/encrypted/PCa14121_R1.fastq.gz.gpg.md5
2021-01-29 08:23:02.136  INFO 20676 --- [           main] u.a.e.e.e.p.DefaultCryptographyPipeline  : File /mnt/work1/users/lupiengroup/People/hawleyj/Davos/Data/Raw/190605_A00827_0009_BHLGJ3DSXX_HiC/FASTQs/PCa33173_R2.fastq.gz is being processed
2021-01-29 09:45:14.828  INFO 20676 --- [           main] u.a.e.e.e.p.DefaultCryptographyPipeline  : File /mnt/work1/users/lupiengroup/People/hawleyj/Davos/Data/Raw/190605_A00827_0009_BHLGJ3DSXX_HiC/FASTQs/PCa33173_R2.fastq.gz is successfully encrypted. Total bytes read 70207565920. These files have been generated /mnt/work1/users/lupiengroup/People/hawleyj/Davos/Data/Raw/190605_A00827_0009_BHLGJ3DSXX_HiC/FASTQs/encrypted/PCa33173_R2.fastq.gz.md5,/mnt/work1/users/lupiengroup/People/hawleyj/Davos/Data/Raw/190605_A00827_0009_BHLGJ3DSXX_HiC/FASTQs/encrypted/PCa33173_R2.fastq.gz.gpg,/mnt/work1/users/lupiengroup/People/hawleyj/Davos/Data/Raw/190605_A00827_0009_BHLGJ3DSXX_HiC/FASTQs/encrypted/PCa33173_R2.fastq.gz.gpg.md5
2021-01-29 09:45:15.576  INFO 20676 --- [           main] u.a.e.e.e.p.DefaultCryptographyPipeline  : File /mnt/work1/users/lupiengroup/People/hawleyj/Davos/Data/Raw/190605_A00827_0009_BHLGJ3DSXX_HiC/FASTQs/PCa57294_R1.fastq.gz is being processed
2021-01-29 11:01:37.790  INFO 20676 --- [           main] u.a.e.e.e.p.DefaultCryptographyPipeline  : File /mnt/work1/users/lupiengroup/People/hawleyj/Davos/Data/Raw/190605_A00827_0009_BHLGJ3DSXX_HiC/FASTQs/PCa57294_R1.fastq.gz is successfully encrypted. Total bytes read 65566097950. These files have been generated /mnt/work1/users/lupiengroup/People/hawleyj/Davos/Data/Raw/190605_A00827_0009_BHLGJ3DSXX_HiC/FASTQs/encrypted/PCa57294_R1.fastq.gz.md5,/mnt/work1/users/lupiengroup/People/hawleyj/Davos/Data/Raw/190605_A00827_0009_BHLGJ3DSXX_HiC/FASTQs/encrypted/PCa57294_R1.fastq.gz.gpg,/mnt/work1/users/lupiengroup/People/hawleyj/Davos/Data/Raw/190605_A00827_0009_BHLGJ3DSXX_HiC/FASTQs/encrypted/PCa57294_R1.fastq.gz.gpg.md5
2021-01-29 11:01:37.895  INFO 20676 --- [           main] u.a.e.e.e.p.DefaultCryptographyPipeline  : File /mnt/work1/users/lupiengroup/People/hawleyj/Davos/Data/Raw/190605_A00827_0009_BHLGJ3DSXX_HiC/FASTQs/PCa56413_R1.fastq.gz is being processed
2021-01-29 11:36:53.738 ERROR 20676 --- [           main] u.a.e.e.e.p.DefaultCryptographyPipeline  : Error while executing cryptography pipeline - Stale file handle
2021-01-29 11:36:53.977 ERROR 20676 --- [           main] u.a.e.e.e.c.pgp.PGPCryptography          : Error while running an application - 

java.lang.RuntimeException: Error while processing request
	at uk.ac.ebi.ega.egacryptor.pipeline.DefaultCryptographyPipeline.process(DefaultCryptographyPipeline.java:64) ~[classes!/:2.0.0]
	at java.base/java.util.ArrayList.forEach(ArrayList.java:1540) ~[na:na]
	at uk.ac.ebi.ega.egacryptor.service.TaskExecutorService.execute(TaskExecutorService.java:49) ~[classes!/:2.0.0]
	at uk.ac.ebi.ega.egacryptor.runner.EgaCryptorCommandLinerRunner.doRun(EgaCryptorCommandLinerRunner.java:88) ~[classes!/:2.0.0]
	at uk.ac.ebi.ega.egacryptor.runner.EgaCryptorCommandLinerRunner.lambda$run$0(EgaCryptorCommandLinerRunner.java:74) ~[classes!/:2.0.0]
	at org.springframework.boot.ExitCodeGenerators.getExitCode(ExitCodeGenerators.java:89) ~[spring-boot-2.1.7.RELEASE.jar!/:2.1.7.RELEASE]
	at org.springframework.boot.SpringApplication.exit(SpringApplication.java:1253) ~[spring-boot-2.1.7.RELEASE.jar!/:2.1.7.RELEASE]
	at uk.ac.ebi.ega.egacryptor.runner.EgaCryptorCommandLinerRunner.terminateApplication(EgaCryptorCommandLinerRunner.java:101) ~[classes!/:2.0.0]
	at uk.ac.ebi.ega.egacryptor.runner.EgaCryptorCommandLinerRunner.run(EgaCryptorCommandLinerRunner.java:74) ~[classes!/:2.0.0]
	at org.springframework.boot.SpringApplication.callRunner(SpringApplication.java:780) ~[spring-boot-2.1.7.RELEASE.jar!/:2.1.7.RELEASE]
	at org.springframework.boot.SpringApplication.callRunners(SpringApplication.java:764) ~[spring-boot-2.1.7.RELEASE.jar!/:2.1.7.RELEASE]
	at org.springframework.boot.SpringApplication.run(SpringApplication.java:319) ~[spring-boot-2.1.7.RELEASE.jar!/:2.1.7.RELEASE]
	at org.springframework.boot.SpringApplication.run(SpringApplication.java:1214) ~[spring-boot-2.1.7.RELEASE.jar!/:2.1.7.RELEASE]
	at org.springframework.boot.SpringApplication.run(SpringApplication.java:1203) ~[spring-boot-2.1.7.RELEASE.jar!/:2.1.7.RELEASE]
	at uk.ac.ebi.ega.egacryptor.EgaCryptorApplication.main(EgaCryptorApplication.java:16) ~[classes!/:2.0.0]
	at java.base/jdk.internal.reflect.NativeMethodAccessorImpl.invoke0(Native Method) ~[na:na]
	at java.base/jdk.internal.reflect.NativeMethodAccessorImpl.invoke(NativeMethodAccessorImpl.java:62) ~[na:na]
	at java.base/jdk.internal.reflect.DelegatingMethodAccessorImpl.invoke(DelegatingMethodAccessorImpl.java:43) ~[na:na]
	at java.base/java.lang.reflect.Method.invoke(Method.java:566) ~[na:na]
	at org.springframework.boot.loader.MainMethodRunner.run(MainMethodRunner.java:48) ~[ega-cryptor-2.0.0.jar:2.0.0]
	at org.springframework.boot.loader.Launcher.launch(Launcher.java:87) ~[ega-cryptor-2.0.0.jar:2.0.0]
	at org.springframework.boot.loader.Launcher.launch(Launcher.java:51) ~[ega-cryptor-2.0.0.jar:2.0.0]
	at org.springframework.boot.loader.JarLauncher.main(JarLauncher.java:52) ~[ega-cryptor-2.0.0.jar:2.0.0]
Caused by: java.io.IOException: Stale file handle
	at java.base/java.io.FileOutputStream.write(Native Method) ~[na:na]
	at java.base/java.io.FileOutputStream.write(FileOutputStream.java:318) ~[na:na]
	at java.base/java.security.DigestOutputStream.write(DigestOutputStream.java:116) ~[na:na]
	at org.bouncycastle.bcpg.BCPGOutputStream.partialFlush(Unknown Source) ~[bcpg-jdk15on-1.62.jar!/:1.62.0.0]
	at org.bouncycastle.bcpg.BCPGOutputStream.writePartial(Unknown Source) ~[bcpg-jdk15on-1.62.jar!/:1.62.0.0]
	at org.bouncycastle.bcpg.BCPGOutputStream.write(Unknown Source) ~[bcpg-jdk15on-1.62.jar!/:1.62.0.0]
	at java.base/java.io.OutputStream.write(OutputStream.java:122) ~[na:na]
	at org.bouncycastle.jcajce.io.CipherOutputStream.write(Unknown Source) ~[bcprov-jdk15on-1.62.jar!/:1.62.0]
	at org.bouncycastle.util.io.TeeOutputStream.write(Unknown Source) ~[bcprov-jdk15on-1.62.jar!/:1.62.0]
	at org.bouncycastle.openpgp.WrappedGeneratorStream.write(Unknown Source) ~[bcpg-jdk15on-1.62.jar!/:1.62.0.0]
	at org.bouncycastle.bcpg.BCPGOutputStream.write(Unknown Source) ~[bcpg-jdk15on-1.62.jar!/:1.62.0.0]
	at java.base/java.util.zip.DeflaterOutputStream.deflate(DeflaterOutputStream.java:253) ~[na:na]
	at java.base/java.util.zip.DeflaterOutputStream.write(DeflaterOutputStream.java:211) ~[na:na]
	at java.base/java.util.zip.DeflaterOutputStream.write(DeflaterOutputStream.java:188) ~[na:na]
	at org.bouncycastle.openpgp.WrappedGeneratorStream.write(Unknown Source) ~[bcpg-jdk15on-1.62.jar!/:1.62.0.0]
	at org.bouncycastle.bcpg.BCPGOutputStream.partialFlush(Unknown Source) ~[bcpg-jdk15on-1.62.jar!/:1.62.0.0]
	at org.bouncycastle.bcpg.BCPGOutputStream.writePartial(Unknown Source) ~[bcpg-jdk15on-1.62.jar!/:1.62.0.0]
	at org.bouncycastle.bcpg.BCPGOutputStream.write(Unknown Source) ~[bcpg-jdk15on-1.62.jar!/:1.62.0.0]
	at org.bouncycastle.openpgp.WrappedGeneratorStream.write(Unknown Source) ~[bcpg-jdk15on-1.62.jar!/:1.62.0.0]
	at uk.ac.ebi.ega.egacryptor.stream.pgp.PGPEncryptedOutputStream.write(PGPEncryptedOutputStream.java:51) ~[classes!/:2.0.0]
	at uk.ac.ebi.ega.egacryptor.stream.pipeline.DefaultStream.execute(DefaultStream.java:47) ~[classes!/:2.0.0]
	at uk.ac.ebi.ega.egacryptor.pipeline.DefaultCryptographyPipeline.doProcess(DefaultCryptographyPipeline.java:100) ~[classes!/:2.0.0]
	at uk.ac.ebi.ega.egacryptor.pipeline.DefaultCryptographyPipeline.process(DefaultCryptographyPipeline.java:61) ~[classes!/:2.0.0]
	... 22 common frames omitted
	Suppressed: java.io.IOException: Stale file handle
		at java.base/java.io.FileDescriptor.close0(Native Method) ~[na:na]
		at java.base/java.io.FileDescriptor.close(FileDescriptor.java:297) ~[na:na]
		at java.base/java.io.FileOutputStream$1.close(FileOutputStream.java:398) ~[na:na]
		at java.base/java.io.FileDescriptor.closeAll(FileDescriptor.java:355) ~[na:na]
		at java.base/java.io.FileOutputStream.close(FileOutputStream.java:396) ~[na:na]
		at java.base/java.io.FilterOutputStream.close(FilterOutputStream.java:188) ~[na:na]
		at uk.ac.ebi.ega.egacryptor.pipeline.DefaultCryptographyPipeline.doProcess(DefaultCryptographyPipeline.java:102) ~[classes!/:2.0.0]
		... 23 common frames omitted

